<?xml version="1.0" encoding="UTF-8"?>
<!-- Generated by org.testng.reporters.JUnitReportReporter -->
<testsuite hostname="LAPTOP-F48FP62B" failures="0" tests="2" name="tests.GetAPITest" time="0.691" errors="0" timestamp="2022-12-21T20:22:58 EST" skipped="0">
  <testcase classname="tests.GetAPITest" name="getAPITestWithoutHeaders" time="0.558"/>
  <system-out/>
  <testcase classname="tests.GetAPITest" name="getAPITestWithHeaders" time="0.133"/>
  <system-out/>
</testsuite> <!-- tests.GetAPITest -->
