<?xml version="1.0" encoding="UTF-8"?>
<!-- Generated by org.testng.reporters.JUnitReportReporter -->
<testsuite hostname="LAPTOP-F48FP62B" failures="0" tests="1" name="tests.PostAPITest" time="0.927" errors="0" timestamp="2022-12-21T20:23:07 EST" skipped="0">
  <testcase classname="tests.PostAPITest" name="postAPITest" time="0.927"/>
  <system-out/>
</testsuite> <!-- tests.PostAPITest -->
